# JRE version: Java(TM) SE Runtime Environment (8.0_25-b17) (build 1.8.0_25-b17)
# Java VM: Java HotSpot(TM) 64-Bit Server VM (25.25-b02 mixed mode linux-amd64 compressed oops)
Heap:
 PSYoungGen      total 213504K, used 128K [0x00000000ec100000, 0x00000000f9880000, 0x0000000100000000)
  eden space 206336K, 0% used [0x00000000ec100000,0x00000000ec100000,0x00000000f8a80000)
  from space 7168K, 1% used [0x00000000f8a80000,0x00000000f8aa0000,0x00000000f9180000)
  to   space 5120K, 0% used [0x00000000f9380000,0x00000000f9380000,0x00000000f9880000)
 ParOldGen       total 175104K, used 145586K [0x00000000c4200000, 0x00000000ced00000, 0x00000000ec100000)
  object space 175104K, 83% used [0x00000000c4200000,0x00000000cd02ca10,0x00000000ced00000)
 Metaspace       used 12813K, capacity 12972K, committed 13184K, reserved 1060864K
  class space    used 1529K, capacity 1575K, committed 1664K, reserved 1048576K
GC Heap History (10 events):
Event: 8,129 GC heap after
Heap after GC invocations=9 (full 1):
 PSYoungGen      total 104448K, used 64K [0x00000000ec100000, 0x00000000f3000000, 0x0000000100000000)
  eden space 97280K, 0% used [0x00000000ec100000,0x00000000ec100000,0x00000000f2000000)
  from space 7168K, 0% used [0x00000000f2900000,0x00000000f2910000,0x00000000f3000000)
  to   space 8192K, 0% used [0x00000000f2000000,0x00000000f2000000,0x00000000f2800000)
 ParOldGen       total 175104K, used 145530K [0x00000000c4200000, 0x00000000ced00000, 0x00000000ec100000)
  object space 175104K, 83% used [0x00000000c4200000,0x00000000cd01ea10,0x00000000ced00000)
 Metaspace       used 12692K, capacity 12844K, committed 13184K, reserved 1060864K
  class space    used 1529K, capacity 1575K, committed 1664K, reserved 1048576K
}
Event: 8,416 GC heap before
{Heap before GC invocations=10 (full 1):
 PSYoungGen      total 104448K, used 97276K [0x00000000ec100000, 0x00000000f3000000, 0x0000000100000000)
  eden space 97280K, 99% used [0x00000000ec100000,0x00000000f1fef378,0x00000000f2000000)
  from space 7168K, 0% used [0x00000000f2900000,0x00000000f2910000,0x00000000f3000000)
  to   space 8192K, 0% used [0x00000000f2000000,0x00000000f2000000,0x00000000f2800000)
 ParOldGen       total 175104K, used 145530K [0x00000000c4200000, 0x00000000ced00000, 0x00000000ec100000)
  object space 175104K, 83% used [0x00000000c4200000,0x00000000cd01ea10,0x00000000ced00000)
 Metaspace       used 12737K, capacity 12844K, committed 13184K, reserved 1060864K
  class space    used 1529K, capacity 1575K, committed 1664K, reserved 1048576K
Event: 8,420 GC heap after
Heap after GC invocations=10 (full 1):
 PSYoungGen      total 105472K, used 64K [0x00000000ec100000, 0x00000000f5e00000, 0x0000000100000000)
  eden space 97280K, 0% used [0x00000000ec100000,0x00000000ec100000,0x00000000f2000000)
  from space 8192K, 0% used [0x00000000f2000000,0x00000000f2010000,0x00000000f2800000)
  to   space 8192K, 0% used [0x00000000f5600000,0x00000000f5600000,0x00000000f5e00000)
 ParOldGen       total 175104K, used 145538K [0x00000000c4200000, 0x00000000ced00000, 0x00000000ec100000)
  object space 175104K, 83% used [0x00000000c4200000,0x00000000cd020a10,0x00000000ced00000)
 Metaspace       used 12737K, capacity 12844K, committed 13184K, reserved 1060864K
  class space    used 1529K, capacity 1575K, committed 1664K, reserved 1048576K
}
Event: 8,644 GC heap before
{Heap before GC invocations=11 (full 1):
 PSYoungGen      total 105472K, used 96663K [0x00000000ec100000, 0x00000000f5e00000, 0x0000000100000000)
  eden space 97280K, 99% used [0x00000000ec100000,0x00000000f1f55fc0,0x00000000f2000000)
  from space 8192K, 0% used [0x00000000f2000000,0x00000000f2010000,0x00000000f2800000)
  to   space 8192K, 0% used [0x00000000f5600000,0x00000000f5600000,0x00000000f5e00000)
 ParOldGen       total 175104K, used 145538K [0x00000000c4200000, 0x00000000ced00000, 0x00000000ec100000)
  object space 175104K, 83% used [0x00000000c4200000,0x00000000cd020a10,0x00000000ced00000)
 Metaspace       used 12757K, capacity 12908K, committed 13184K, reserved 1060864K
  class space    used 1529K, capacity 1575K, committed 1664K, reserved 1048576K
Event: 8,647 GC heap after
Heap after GC invocations=11 (full 1):
 PSYoungGen      total 149504K, used 96K [0x00000000ec100000, 0x00000000f5c00000, 0x0000000100000000)
  eden space 143360K, 0% used [0x00000000ec100000,0x00000000ec100000,0x00000000f4d00000)
  from space 6144K, 1% used [0x00000000f5600000,0x00000000f5618000,0x00000000f5c00000)
  to   space 7680K, 0% used [0x00000000f4d00000,0x00000000f4d00000,0x00000000f5480000)
 ParOldGen       total 175104K, used 145546K [0x00000000c4200000, 0x00000000ced00000, 0x00000000ec100000)
  object space 175104K, 83% used [0x00000000c4200000,0x00000000cd022a10,0x00000000ced00000)
 Metaspace       used 12757K, capacity 12908K, committed 13184K, reserved 1060864K
  class space    used 1529K, capacity 1575K, committed 1664K, reserved 1048576K
}
Event: 9,033 GC heap before
{Heap before GC invocations=12 (full 1):
 PSYoungGen      total 149504K, used 142550K [0x00000000ec100000, 0x00000000f5c00000, 0x0000000100000000)
  eden space 143360K, 99% used [0x00000000ec100000,0x00000000f4c1dae8,0x00000000f4d00000)
  from space 6144K, 1% used [0x00000000f5600000,0x00000000f5618000,0x00000000f5c00000)
  to   space 7680K, 0% used [0x00000000f4d00000,0x00000000f4d00000,0x00000000f5480000)
 ParOldGen       total 175104K, used 145546K [0x00000000c4200000, 0x00000000ced00000, 0x00000000ec100000)
  object space 175104K, 83% used [0x00000000c4200000,0x00000000cd022a10,0x00000000ced00000)
 Metaspace       used 12760K, capacity 12908K, committed 13184K, reserved 1060864K
  class space    used 1529K, capacity 1575K, committed 1664K, reserved 1048576K
Event: 9,037 GC heap after
Heap after GC invocations=12 (full 1):
 PSYoungGen      total 151040K, used 96K [0x00000000ec100000, 0x00000000f9a80000, 0x0000000100000000)
  eden space 143360K, 0% used [0x00000000ec100000,0x00000000ec100000,0x00000000f4d00000)
  from space 7680K, 1% used [0x00000000f4d00000,0x00000000f4d18000,0x00000000f5480000)
  to   space 7168K, 0% used [0x00000000f9380000,0x00000000f9380000,0x00000000f9a80000)
 ParOldGen       total 175104K, used 145570K [0x00000000c4200000, 0x00000000ced00000, 0x00000000ec100000)
  object space 175104K, 83% used [0x00000000c4200000,0x00000000cd028a10,0x00000000ced00000)
 Metaspace       used 12760K, capacity 12908K, committed 13184K, reserved 1060864K
  class space    used 1529K, capacity 1575K, committed 1664K, reserved 1048576K
}
Event: 9,390 GC heap before
{Heap before GC invocations=13 (full 1):
 PSYoungGen      total 151040K, used 143456K [0x00000000ec100000, 0x00000000f9a80000, 0x0000000100000000)
  eden space 143360K, 100% used [0x00000000ec100000,0x00000000f4d00000,0x00000000f4d00000)
  from space 7680K, 1% used [0x00000000f4d00000,0x00000000f4d18000,0x00000000f5480000)
  to   space 7168K, 0% used [0x00000000f9380000,0x00000000f9380000,0x00000000f9a80000)
 ParOldGen       total 175104K, used 145570K [0x00000000c4200000, 0x00000000ced00000, 0x00000000ec100000)
  object space 175104K, 83% used [0x00000000c4200000,0x00000000cd028a10,0x00000000ced00000)
 Metaspace       used 12772K, capacity 12908K, committed 13184K, reserved 1060864K
  class space    used 1529K, capacity 1575K, committed 1664K, reserved 1048576K
Event: 9,394 GC heap after
Heap after GC invocations=13 (full 1):
 PSYoungGen      total 211456K, used 96K [0x00000000ec100000, 0x00000000f9880000, 0x0000000100000000)
  eden space 206336K, 0% used [0x00000000ec100000,0x00000000ec100000,0x00000000f8a80000)
  from space 5120K, 1% used [0x00000000f9380000,0x00000000f9398000,0x00000000f9880000)
  to   space 7168K, 0% used [0x00000000f8a80000,0x00000000f8a80000,0x00000000f9180000)
 ParOldGen       total 175104K, used 145578K [0x00000000c4200000, 0x00000000ced00000, 0x00000000ec100000)
  object space 175104K, 83% used [0x00000000c4200000,0x00000000cd02aa10,0x00000000ced00000)
 Metaspace       used 12772K, capacity 12908K, committed 13184K, reserved 1060864K
  class space    used 1529K, capacity 1575K, committed 1664K, reserved 1048576K
}
Event: 10,449 GC heap before
{Heap before GC invocations=14 (full 1):
 PSYoungGen      total 211456K, used 206432K [0x00000000ec100000, 0x00000000f9880000, 0x0000000100000000)
  eden space 206336K, 100% used [0x00000000ec100000,0x00000000f8a80000,0x00000000f8a80000)
  from space 5120K, 1% used [0x00000000f9380000,0x00000000f9398000,0x00000000f9880000)
  to   space 7168K, 0% used [0x00000000f8a80000,0x00000000f8a80000,0x00000000f9180000)
 ParOldGen       total 175104K, used 145578K [0x00000000c4200000, 0x00000000ced00000, 0x00000000ec100000)
  object space 175104K, 83% used [0x00000000c4200000,0x00000000cd02aa10,0x00000000ced00000)
 Metaspace       used 12813K, capacity 12972K, committed 13184K, reserved 1060864K
  class space    used 1529K, capacity 1575K, committed 1664K, reserved 1048576K

